This is pdfTeX, Version 3.1415926-2.5-1.40.14 (MiKTeX 2.9) (preloaded format=pdflatex 2014.9.8)  13 MAY 2015 03:45
entering extended mode
**C:/Users/Dario/Dropbox/SchoolWork/SeniorThesis/thesis/ecethesis.tex
(C:/Users/Dario/Dropbox/SchoolWork/SeniorThesis/thesis/ecethesis.tex
LaTeX2e <2011/06/27>
Babel <v3.8m> and hyphenation patterns for english, afrikaans, ancientgreek, ar
abic, armenian, assamese, basque, bengali, bokmal, bulgarian, catalan, coptic, 
croatian, czech, danish, dutch, esperanto, estonian, farsi, finnish, french, ga
lician, german, german-x-2013-05-26, greek, gujarati, hindi, hungarian, iceland
ic, indonesian, interlingua, irish, italian, kannada, kurmanji, latin, latvian,
 lithuanian, malayalam, marathi, mongolian, mongolianlmc, monogreek, ngerman, n
german-x-2013-05-26, nynorsk, oriya, panjabi, pinyin, polish, portuguese, roman
ian, russian, sanskrit, serbian, slovak, slovenian, spanish, swedish, swissgerm
an, tamil, telugu, turkish, turkmen, ukenglish, ukrainian, uppersorbian, usengl
ishmax, welsh, loaded.
(C:\Users\Dario\Dropbox\SchoolWork\SeniorThesis\thesis\uiucecethesis09.cls
Document Class: uiucecethesis09 2010/06/23\ ECE3.10\ UIUC Thesis (PJC)
("C:\Program Files (x86)\MiKTeX 2.9\tex\latex\setspace\setspace.sty"
Package: setspace 2011/12/19 v6.7a set line spacing
)
("C:\Program Files (x86)\MiKTeX 2.9\tex\latex\tools\calc.sty"
Package: calc 2007/08/22 v4.3 Infix arithmetic (KKT,FJ)
\calc@Acount=\count79
\calc@Bcount=\count80
\calc@Adimen=\dimen102
\calc@Bdimen=\dimen103
\calc@Askip=\skip41
\calc@Bskip=\skip42
LaTeX Info: Redefining \setlength on input line 76.
LaTeX Info: Redefining \addtolength on input line 77.
\calc@Ccount=\count81
\calc@Cskip=\skip43
)
\thesis@parindent=\dimen104

("C:\Program Files (x86)\MiKTeX 2.9\tex\latex\base\book.cls"
Document Class: book 2007/10/19 v1.4h Standard LaTeX document class
("C:\Program Files (x86)\MiKTeX 2.9\tex\latex\base\bk12.clo"
File: bk12.clo 2007/10/19 v1.4h Standard LaTeX file (size option)
)
\c@part=\count82
\c@chapter=\count83
\c@section=\count84
\c@subsection=\count85
\c@subsubsection=\count86
\c@paragraph=\count87
\c@subparagraph=\count88
\c@figure=\count89
\c@table=\count90
\abovecaptionskip=\skip44
\belowcaptionskip=\skip45
\bibindent=\dimen105
)
\degree@dept@max=\skip46
\degree@dept@wid=\skip47
\degree@dept@test=\box26
\thesis@chapskip=\skip48
\chaptertitleheight=\skip49
)
("C:\Program Files (x86)\MiKTeX 2.9\tex\latex\graphics\epsfig.sty"
Package: epsfig 1999/02/16 v1.7a (e)psfig emulation (SPQR)

("C:\Program Files (x86)\MiKTeX 2.9\tex\latex\graphics\graphicx.sty"
Package: graphicx 1999/02/16 v1.0f Enhanced LaTeX Graphics (DPC,SPQR)

("C:\Program Files (x86)\MiKTeX 2.9\tex\latex\graphics\keyval.sty"
Package: keyval 1999/03/16 v1.13 key=value parser (DPC)
\KV@toks@=\toks14
)
("C:\Program Files (x86)\MiKTeX 2.9\tex\latex\graphics\graphics.sty"
Package: graphics 2009/02/05 v1.0o Standard LaTeX Graphics (DPC,SPQR)

("C:\Program Files (x86)\MiKTeX 2.9\tex\latex\graphics\trig.sty"
Package: trig 1999/03/16 v1.09 sin cos tan (DPC)
)
("C:\Program Files (x86)\MiKTeX 2.9\tex\latex\00miktex\graphics.cfg"
File: graphics.cfg 2007/01/18 v1.5 graphics configuration of teTeX/TeXLive
)
Package graphics Info: Driver file: pdftex.def on input line 91.

("C:\Program Files (x86)\MiKTeX 2.9\tex\latex\pdftex-def\pdftex.def"
File: pdftex.def 2011/05/27 v0.06d Graphics/color for pdfTeX

("C:\Program Files (x86)\MiKTeX 2.9\tex\generic\oberdiek\infwarerr.sty"
Package: infwarerr 2010/04/08 v1.3 Providing info/warning/error messages (HO)
)
("C:\Program Files (x86)\MiKTeX 2.9\tex\generic\oberdiek\ltxcmds.sty"
Package: ltxcmds 2011/11/09 v1.22 LaTeX kernel commands for general use (HO)
)
\Gread@gobject=\count91
))
\Gin@req@height=\dimen106
\Gin@req@width=\dimen107
)
\epsfxsize=\dimen108
\epsfysize=\dimen109
)
("C:\Program Files (x86)\MiKTeX 2.9\tex\latex\amsmath\amsmath.sty"
Package: amsmath 2013/01/14 v2.14 AMS math features
\@mathmargin=\skip50

For additional information on amsmath, use the `?' option.
("C:\Program Files (x86)\MiKTeX 2.9\tex\latex\amsmath\amstext.sty"
Package: amstext 2000/06/29 v2.01

("C:\Program Files (x86)\MiKTeX 2.9\tex\latex\amsmath\amsgen.sty"
File: amsgen.sty 1999/11/30 v2.0
\@emptytoks=\toks15
\ex@=\dimen110
))
("C:\Program Files (x86)\MiKTeX 2.9\tex\latex\amsmath\amsbsy.sty"
Package: amsbsy 1999/11/29 v1.2d
\pmbraise@=\dimen111
)
("C:\Program Files (x86)\MiKTeX 2.9\tex\latex\amsmath\amsopn.sty"
Package: amsopn 1999/12/14 v2.01 operator names
)
\inf@bad=\count92
LaTeX Info: Redefining \frac on input line 210.
\uproot@=\count93
\leftroot@=\count94
LaTeX Info: Redefining \overline on input line 306.
\classnum@=\count95
\DOTSCASE@=\count96
LaTeX Info: Redefining \ldots on input line 378.
LaTeX Info: Redefining \dots on input line 381.
LaTeX Info: Redefining \cdots on input line 466.
\Mathstrutbox@=\box27
\strutbox@=\box28
\big@size=\dimen112
LaTeX Font Info:    Redeclaring font encoding OML on input line 566.
LaTeX Font Info:    Redeclaring font encoding OMS on input line 567.
\macc@depth=\count97
\c@MaxMatrixCols=\count98
\dotsspace@=\muskip10
\c@parentequation=\count99
\dspbrk@lvl=\count100
\tag@help=\toks16
\row@=\count101
\column@=\count102
\maxfields@=\count103
\andhelp@=\toks17
\eqnshift@=\dimen113
\alignsep@=\dimen114
\tagshift@=\dimen115
\tagwidth@=\dimen116
\totwidth@=\dimen117
\lineht@=\dimen118
\@envbody=\toks18
\multlinegap=\skip51
\multlinetaggap=\skip52
\mathdisplay@stack=\toks19
LaTeX Info: Redefining \[ on input line 2665.
LaTeX Info: Redefining \] on input line 2666.
)
("C:\Program Files (x86)\MiKTeX 2.9\tex\latex\graphics\lscape.sty"
Package: lscape 2000/10/22 v3.01 Landscape Pages (DPC)
)
("C:\Program Files (x86)\MiKTeX 2.9\tex\latex\caption\caption.sty"
Package: caption 2013/05/02 v3.3-89 Customizing captions (AR)

("C:\Program Files (x86)\MiKTeX 2.9\tex\latex\caption\caption3.sty"
Package: caption3 2013/05/02 v1.6-88 caption3 kernel (AR)
Package caption3 Info: TeX engine: e-TeX on input line 57.
\captionmargin=\dimen119
\captionmargin@=\dimen120
\captionwidth=\dimen121
\caption@tempdima=\dimen122
\caption@indent=\dimen123
\caption@parindent=\dimen124
\caption@hangindent=\dimen125
)
\c@ContinuedFloat=\count104
)
("C:\Program Files (x86)\MiKTeX 2.9\tex\latex\booktabs\booktabs.sty"
Package: booktabs 2005/04/14 v1.61803 publication quality tables
\heavyrulewidth=\dimen126
\lightrulewidth=\dimen127
\cmidrulewidth=\dimen128
\belowrulesep=\dimen129
\belowbottomsep=\dimen130
\aboverulesep=\dimen131
\abovetopsep=\dimen132
\cmidrulesep=\dimen133
\cmidrulekern=\dimen134
\defaultaddspace=\dimen135
\@cmidla=\count105
\@cmidlb=\count106
\@aboverulesep=\dimen136
\@belowrulesep=\dimen137
\@thisruleclass=\count107
\@lastruleclass=\count108
\@thisrulewidth=\dimen138
)
(C:\Users\Dario\Dropbox\SchoolWork\SeniorThesis\thesis\ecethesis.aux
(C:\Users\Dario\Dropbox\SchoolWork\SeniorThesis\thesis\intro.aux)
(C:\Users\Dario\Dropbox\SchoolWork\SeniorThesis\thesis\literature_review.aux)
(C:\Users\Dario\Dropbox\SchoolWork\SeniorThesis\thesis\overall_methodology.aux)
(C:\Users\Dario\Dropbox\SchoolWork\SeniorThesis\thesis\system_design.aux)
(C:\Users\Dario\Dropbox\SchoolWork\SeniorThesis\thesis\results.aux)
(C:\Users\Dario\Dropbox\SchoolWork\SeniorThesis\thesis\conclusion.aux))
LaTeX Font Info:    Checking defaults for OML/cmm/m/it on input line 49.
LaTeX Font Info:    ... okay on input line 49.
LaTeX Font Info:    Checking defaults for T1/cmr/m/n on input line 49.
LaTeX Font Info:    ... okay on input line 49.
LaTeX Font Info:    Checking defaults for OT1/cmr/m/n on input line 49.
LaTeX Font Info:    ... okay on input line 49.
LaTeX Font Info:    Checking defaults for OMS/cmsy/m/n on input line 49.
LaTeX Font Info:    ... okay on input line 49.
LaTeX Font Info:    Checking defaults for OMX/cmex/m/n on input line 49.
LaTeX Font Info:    ... okay on input line 49.
LaTeX Font Info:    Checking defaults for U/cmr/m/n on input line 49.
LaTeX Font Info:    ... okay on input line 49.
\chapternumberheight=\dimen139

("C:\Program Files (x86)\MiKTeX 2.9\tex\context\base\supp-pdf.mkii"
[Loading MPS to PDF converter (version 2006.09.02).]
\scratchcounter=\count109
\scratchdimen=\dimen140
\scratchbox=\box29
\nofMPsegments=\count110
\nofMParguments=\count111
\everyMPshowfont=\toks20
\MPscratchCnt=\count112
\MPscratchDim=\dimen141
\MPnumerator=\count113
\makeMPintoPDFobject=\count114
\everyMPtoPDFconversion=\toks21
)
Package caption Info: Begin \AtBeginDocument code.
Package caption Info: End \AtBeginDocument code.
LaTeX Font Info:    Try loading font information for OMS+cmr on input line 60.
 ("C:\Program Files (x86)\MiKTeX 2.9\tex\latex\base\omscmr.fd"
File: omscmr.fd 1999/05/25 v2.5h Standard LaTeX font definitions
)
LaTeX Font Info:    Font shape `OMS/cmr/m/n' in size <12> not available
(Font)              Font shape `OMS/cmsy/m/n' tried instead on input line 60.
 [1

{C:/Users/Dario/AppData/Local/MiKTeX/2.9/pdftex/config/pdftex.map}]
\thesis@dim=\dimen142

Underfull \vbox (badness 10000) detected at line 60
 []


Overfull \vbox (72.26999pt too high) detected at line 60
 []


Underfull \vbox (badness 10000) detected at line 60
 []


Underfull \vbox (badness 10000) detected at line 60
 []

[2] (C:\Users\Dario\Dropbox\SchoolWork\SeniorThesis\thesis\abs.tex) [2


]
[3] (C:\Users\Dario\Dropbox\SchoolWork\SeniorThesis\thesis\ack.tex) [4

]
(C:\Users\Dario\Dropbox\SchoolWork\SeniorThesis\thesis\ecethesis.toc)
\tf@toc=\write3
 [5

]
[6

] (C:\Users\Dario\Dropbox\SchoolWork\SeniorThesis\thesis\intro.tex
CHAPTER 1.
[1



]) [2]
(C:\Users\Dario\Dropbox\SchoolWork\SeniorThesis\thesis\literature_review.tex
CHAPTER 2.
[3



]) [4]
(C:\Users\Dario\Dropbox\SchoolWork\SeniorThesis\thesis\overall_methodology.tex
CHAPTER 3.
<idling_raw_accelerometer.png, id=42, 410.9754pt x 96.36pt>
File: idling_raw_accelerometer.png Graphic file (type png)

<use idling_raw_accelerometer.png>
Package pdftex.def Info: idling_raw_accelerometer.png used on input line 11.
(pdftex.def)             Requested size: 410.9744pt x 96.35974pt.

<curl_raw_accelerometer.png, id=44, 705.38531pt x 164.86594pt>
File: curl_raw_accelerometer.png Graphic file (type png)

<use curl_raw_accelerometer.png>
Package pdftex.def Info: curl_raw_accelerometer.png used on input line 19.
(pdftex.def)             Requested size: 705.38359pt x 164.86551pt.
 [5



 <C:/Users/Dario/Dropbox/SchoolWork/SeniorThesis/thesis/idling_raw_acceleromete
r.png>]
<squat_raw_accelerometer.png, id=49, 1050.17343pt x 159.59625pt>
File: squat_raw_accelerometer.png Graphic file (type png)

<use squat_raw_accelerometer.png>
Package pdftex.def Info: squat_raw_accelerometer.png used on input line 33.
(pdftex.def)             Requested size: 1050.17087pt x 159.59584pt.
 [6 <C:/Users/Dario/Dropbox/SchoolWork/SeniorThesis/thesis/curl_raw_acceleromet
er.png>] [7 <C:/Users/Dario/Dropbox/SchoolWork/SeniorThesis/thesis/squat_raw_ac
celerometer.png>]) [8]
(C:\Users\Dario\Dropbox\SchoolWork\SeniorThesis\thesis\system_design.tex
CHAPTER 4.
[9



] <curl_magnitude_autoc.png, id=66, 578.16pt x 431.4519pt>
File: curl_magnitude_autoc.png Graphic file (type png)

<use curl_magnitude_autoc.png>
Package pdftex.def Info: curl_magnitude_autoc.png used on input line 28.
(pdftex.def)             Requested size: 578.15858pt x 431.45085pt.

<noisy_no_exercise_autoc.png, id=67, 578.16pt x 431.4519pt>
File: noisy_no_exercise_autoc.png Graphic file (type png)

<use noisy_no_exercise_autoc.png>
Package pdftex.def Info: noisy_no_exercise_autoc.png used on input line 36.
(pdftex.def)             Requested size: 578.15858pt x 431.45085pt.
 [10 <C:/Users/Dario/Dropbox/SchoolWork/SeniorThesis/thesis/curl_magnitude_auto
c.png>]
Overfull \hbox (20.88509pt too wide) in paragraph at lines 50--51
[]\OT1/cmr/bx/n/12 Magnitude: \OT1/cmr/m/n/12 the $[]$ mag-ni-tude of the ac-ce
lerom-e-ter/gyroscope 
 []

[11 <C:/Users/Dario/Dropbox/SchoolWork/SeniorThesis/thesis/noisy_no_exercise_au
toc.png>] [12] [13] [14] [15]
Overfull \hbox (18.13968pt too wide) in paragraph at lines 155--156
\OT1/cmr/m/n/12 make an as-sump-tion that two rep-e-ti-tions could never oc-cur
 within MIN[]PERIOD
 []

[16]) [17] (C:\Users\Dario\Dropbox\SchoolWork\SeniorThesis\thesis\results.tex
CHAPTER 5.
[18



]) [19]
(C:\Users\Dario\Dropbox\SchoolWork\SeniorThesis\thesis\conclusion.tex
CHAPTER 6.
) [20



] (C:\Users\Dario\Dropbox\SchoolWork\SeniorThesis\thesis\ecethesis.bbl
Underfull \hbox (badness 3989) in paragraph at lines 34--37
[]\OT1/cmr/m/n/12 ``Google fit,'' May 2015. [On-line]. Avail-able:
 []


Underfull \hbox (badness 5245) in paragraph at lines 59--62
[]\OT1/cmr/m/n/12 ``Weightlifting,'' May 2015. [On-line]. Avail-able:
 []


Underfull \hbox (badness 1028) in paragraph at lines 75--79
\OT1/cmr/m/n/12 world-wide last week-end?'' 2015. [On-line]. Avail-
 []

[21



]) [22] (C:\Users\Dario\Dropbox\SchoolWork\SeniorThesis\thesis\ecethesis.aux (C
:\Users\Dario\Dropbox\SchoolWork\SeniorThesis\thesis\intro.aux)
(C:\Users\Dario\Dropbox\SchoolWork\SeniorThesis\thesis\literature_review.aux)
(C:\Users\Dario\Dropbox\SchoolWork\SeniorThesis\thesis\overall_methodology.aux)
(C:\Users\Dario\Dropbox\SchoolWork\SeniorThesis\thesis\system_design.aux)
(C:\Users\Dario\Dropbox\SchoolWork\SeniorThesis\thesis\results.aux)
(C:\Users\Dario\Dropbox\SchoolWork\SeniorThesis\thesis\conclusion.aux)) ) 
Here is how much of TeX's memory you used:
 3288 strings out of 493921
 51057 string characters out of 3144877
 109515 words of memory out of 3000000
 6516 multiletter control sequences out of 15000+200000
 9740 words of font info for 35 fonts, out of 3000000 for 9000
 841 hyphenation exceptions out of 8191
 36i,7n,39p,1415b,273s stack positions out of 5000i,500n,10000p,200000b,50000s
<C:/Pr
ogram Files (x86)/MiKTeX 2.9/fonts/type1/public/amsfonts/cm/cmbx12.pfb><C:/Prog
ram Files (x86)/MiKTeX 2.9/fonts/type1/public/amsfonts/cm/cmex10.pfb><C:/Progra
m Files (x86)/MiKTeX 2.9/fonts/type1/public/amsfonts/cm/cmmi12.pfb><C:/Program 
Files (x86)/MiKTeX 2.9/fonts/type1/public/amsfonts/cm/cmr10.pfb><C:/Program Fil
es (x86)/MiKTeX 2.9/fonts/type1/public/amsfonts/cm/cmr12.pfb><C:/Program Files 
(x86)/MiKTeX 2.9/fonts/type1/public/amsfonts/cm/cmr17.pfb><C:/Program Files (x8
6)/MiKTeX 2.9/fonts/type1/public/amsfonts/cm/cmr8.pfb><C:/Program Files (x86)/M
iKTeX 2.9/fonts/type1/public/amsfonts/cm/cmsy10.pfb><C:/Program Files (x86)/MiK
TeX 2.9/fonts/type1/public/amsfonts/cm/cmti12.pfb>
Output written on ecethesis.pdf (29 pages, 441327 bytes).
PDF statistics:
 142 PDF objects out of 1000 (max. 8388607)
 0 named destinations out of 1000 (max. 500000)
 26 words of extra memory for PDF output out of 10000 (max. 10000000)

